<?xml version="1.0" encoding="UTF-8"?>
<testng-results skipped="0" failed="0" ignored="0" total="1" passed="1">
  <reporter-output>
  </reporter-output>
  <suite name="Default suite" duration-ms="16443" started-at="2022-12-11T19:40:11 IST" finished-at="2022-12-11T19:40:27 IST">
    <groups>
    </groups>
    <test name="Default test" duration-ms="16443" started-at="2022-12-11T19:40:11 IST" finished-at="2022-12-11T19:40:27 IST">
      <class name="amazonavn.amazonhome">
        <test-method status="PASS" signature="amazon()[pri:0, instance:amazonavn.amazonhome@25af5db5]" name="amazon" duration-ms="16360" started-at="2022-12-11T19:40:11 IST" finished-at="2022-12-11T19:40:27 IST">
          <reporter-output>
          </reporter-output>
        </test-method> <!-- amazon -->
      </class> <!-- amazonavn.amazonhome -->
    </test> <!-- Default test -->
  </suite> <!-- Default suite -->
</testng-results>
